<?xml version="1.0" encoding="UTF-8"?>
<testsuite name="AppTest" tests="7" skipped="0" failures="0" errors="0" timestamp="2016-04-22T22:16:44" hostname="epicodus-31.local" time="0.457">
  <properties/>
  <testcase name="rootTestForResultPage" classname="AppTest" time="0.295"/>
  <testcase name="isVowelAndConstants" classname="AppTest" time="0.063"/>
  <testcase name="rootTest" classname="AppTest" time="0.007"/>
  <testcase name="isAllConstants" classname="AppTest" time="0.016"/>
  <testcase name="isresultWorkWithUserinput" classname="AppTest" time="0.007"/>
  <testcase name="isAllVowels" classname="AppTest" time="0.015"/>
  <testcase name="isVowelAndConstantsCaseSensitivity" classname="AppTest" time="0.014"/>
  <system-out><![CDATA[]]></system-out>
  <system-err><![CDATA[[Thread-4] INFO org.eclipse.jetty.util.log - Logging initialized @635ms
[Thread-4] INFO spark.webserver.JettySparkServer - == Spark has ignited ...
[Thread-4] INFO spark.webserver.JettySparkServer - >> Listening on 0.0.0.0:4567
[Thread-4] INFO org.eclipse.jetty.server.Server - jetty-9.3.2.v20150730
[Thread-4] INFO org.eclipse.jetty.server.ServerConnector - Started ServerConnector@392d5e63{HTTP/1.1,[http/1.1]}{0.0.0.0:4567}
[Thread-4] INFO org.eclipse.jetty.server.Server - Started @742ms
[Test worker] INFO spark.webserver.JettySparkServer - >>> Spark shutting down ...
[Test worker] INFO org.eclipse.jetty.server.ServerConnector - Stopped ServerConnector@392d5e63{HTTP/1.1,[http/1.1]}{0.0.0.0:4567}
[Test worker] INFO spark.webserver.JettySparkServer - done
]]></system-err>
</testsuite>
