<?xml version="1.0" encoding="UTF-8"?>
<testsuite name="WordPuzzleTest" tests="1" skipped="0" failures="0" errors="0" timestamp="2016-04-22T16:09:46" hostname="epicodus-31.local" time="0.001">
  <properties/>
  <testcase name="runWordPuzzle_getInputReturnSame_userTyped" classname="WordPuzzleTest" time="0.001"/>
  <system-out><![CDATA[]]></system-out>
  <system-err><![CDATA[]]></system-err>
</testsuite>
